Base path: /Applications/Unity/Hub/Editor/2018.3.1f1/Unity.app/Contents
Cmd: initializeCompiler
Cmd: compileComputeKernel
  api=14 insize=2134 outsize=2129 ok=1
Cmd: compileComputeKernel
  api=14 insize=2863 outsize=48933 ok=1
Cmd: translateComputeKernel
  api=14 insize=48933 outsize=86117 ok=1
Cmd: compileComputeKernel
  api=14 insize=5022 outsize=5509 ok=1
Cmd: translateComputeKernel
  api=14 insize=3265 outsize=5361 ok=1
Cmd: compileComputeKernel
  api=14 insize=18731 outsize=11321 ok=1
Cmd: translateComputeKernel
  api=14 insize=9533 outsize=16349 ok=1
Cmd: compileComputeKernel
  api=14 insize=1864 outsize=1145 ok=1
Cmd: compileComputeKernel
  api=14 insize=2120 outsize=1509 ok=1
Cmd: initializeCompiler
Cmd: initializeCompiler
Cmd: initializeCompiler
Cmd: initializeCompiler
Cmd: initializeCompiler
Cmd: initializeCompiler

Quitting shader compiler process
