Base path: /Applications/Unity/Unity.app/Contents
Cmd: initializeCompiler
Cmd: compileComputeKernel
  api=14 insize=2059 outsize=2149 ok=1
Cmd: translateComputeKernel
  api=14 insize=2149 outsize=3977 ok=1
Cmd: compileComputeKernel
  api=14 insize=7330 outsize=10693 ok=1
Cmd: compileComputeKernel
  api=14 insize=5004 outsize=6805 ok=1
Cmd: compileComputeKernel
  api=14 insize=9166 outsize=9621 ok=1
Cmd: translateComputeKernel
  api=14 insize=2021 outsize=3641 ok=1
Cmd: compileComputeKernel
  api=14 insize=16784 outsize=5393 ok=1
Cmd: compileComputeKernel
  api=14 insize=16784 outsize=5993 ok=1
Cmd: compileComputeKernel
  api=14 insize=16784 outsize=7769 ok=1
Cmd: compileComputeKernel
  api=14 insize=16784 outsize=10217 ok=1
Cmd: compileComputeKernel
  api=14 insize=16784 outsize=7229 ok=1
Cmd: compileComputeKernel
  api=14 insize=16784 outsize=8933 ok=1
Cmd: compileComputeKernel
  api=14 insize=16784 outsize=8737 ok=1
Cmd: compileComputeKernel
  api=14 insize=16784 outsize=11233 ok=1
Cmd: compileComputeKernel
  api=14 insize=16784 outsize=12113 ok=1
Cmd: translateComputeKernel
  api=14 insize=5469 outsize=9609 ok=1
Cmd: translateComputeKernel
  api=14 insize=8197 outsize=14685 ok=1
Cmd: translateComputeKernel
  api=14 insize=10473 outsize=19253 ok=1
Cmd: translateComputeKernel
  api=14 insize=7305 outsize=13553 ok=1
Cmd: translateComputeKernel
  api=14 insize=9085 outsize=17017 ok=1
Cmd: translateComputeKernel
  api=14 insize=8773 outsize=16165 ok=1
Cmd: translateComputeKernel
  api=14 insize=11513 outsize=22337 ok=1
Cmd: initializeCompiler
Cmd: initializeCompiler
Cmd: initializeCompiler
Cmd: initializeCompiler
Cmd: initializeCompiler
Cmd: initializeCompiler
Cmd: initializeCompiler
Cmd: initializeCompiler
Cmd: initializeCompiler
Cmd: initializeCompiler
Cmd: initializeCompiler
Cmd: initializeCompiler
Cmd: initializeCompiler
Cmd: initializeCompiler
Cmd: initializeCompiler
Cmd: initializeCompiler
