Base path: /Applications/Unity/Unity.app/Contents
Cmd: initializeCompiler
Cmd: translateComputeKernel
  api=14 insize=10693 outsize=18705 ok=1
Cmd: translateComputeKernel
  api=14 insize=9621 outsize=16409 ok=1
Cmd: compileComputeKernel
  api=14 insize=16784 outsize=6089 ok=1
Cmd: compileComputeKernel
  api=14 insize=16784 outsize=6689 ok=1
Cmd: compileComputeKernel
  api=14 insize=16784 outsize=8249 ok=1
Cmd: compileComputeKernel
  api=14 insize=16784 outsize=8453 ok=1
Cmd: compileComputeKernel
  api=14 insize=16784 outsize=6845 ok=1
Cmd: compileComputeKernel
  api=14 insize=16784 outsize=7925 ok=1
Cmd: compileComputeKernel
  api=14 insize=16784 outsize=7445 ok=1
Cmd: compileComputeKernel
  api=14 insize=16784 outsize=9221 ok=1
Cmd: compileComputeKernel
  api=14 insize=16784 outsize=11689 ok=1
Cmd: translateComputeKernel
  api=14 insize=6165 outsize=11025 ok=1
Cmd: translateComputeKernel
  api=14 insize=6417 outsize=11129 ok=1
Cmd: translateComputeKernel
  api=14 insize=7829 outsize=13905 ok=1
Cmd: translateComputeKernel
  api=14 insize=8073 outsize=14937 ok=1
Cmd: translateComputeKernel
  api=14 insize=6921 outsize=12757 ok=1
Cmd: translateComputeKernel
  api=14 insize=9009 outsize=17033 ok=1
Cmd: translateComputeKernel
  api=14 insize=9649 outsize=17797 ok=1
Cmd: translateComputeKernel
  api=14 insize=11945 outsize=22421 ok=1
Cmd: translateComputeKernel
  api=14 insize=10985 outsize=21261 ok=1
Cmd: initializeCompiler
Cmd: initializeCompiler
Cmd: initializeCompiler
Cmd: initializeCompiler
Cmd: initializeCompiler
Cmd: initializeCompiler
Cmd: initializeCompiler
Cmd: initializeCompiler
Cmd: initializeCompiler
Cmd: initializeCompiler
Cmd: initializeCompiler
Cmd: initializeCompiler
Cmd: initializeCompiler
Cmd: initializeCompiler
Cmd: initializeCompiler
