Base path: /Applications/Unity/Unity.app/Contents
Cmd: initializeCompiler
Cmd: translateComputeKernel
  api=14 insize=841 outsize=785 ok=1
Cmd: compileComputeKernel
  api=14 insize=7330 outsize=10537 ok=1
Cmd: translateComputeKernel
  api=14 insize=10537 outsize=18405 ok=1
Cmd: translateComputeKernel
  api=14 insize=6805 outsize=10653 ok=1
Cmd: compileComputeKernel
  api=14 insize=9166 outsize=9705 ok=1
Cmd: compileComputeKernel
  api=14 insize=1470 outsize=1053 ok=1
Cmd: compileComputeKernel
  api=14 insize=16784 outsize=7481 ok=1
Cmd: compileComputeKernel
  api=14 insize=16784 outsize=7265 ok=1
Cmd: compileComputeKernel
  api=14 insize=16784 outsize=9761 ok=1
Cmd: compileComputeKernel
  api=14 insize=16784 outsize=10641 ok=1
Cmd: compileComputeKernel
  api=14 insize=16784 outsize=9533 ok=1
Cmd: compileComputeKernel
  api=14 insize=16784 outsize=11909 ok=1
Cmd: translateComputeKernel
  api=14 insize=5853 outsize=10385 ok=1
Cmd: translateComputeKernel
  api=14 insize=6033 outsize=10353 ok=1
Cmd: translateComputeKernel
  api=14 insize=7301 outsize=12881 ok=1
Cmd: translateComputeKernel
  api=14 insize=7545 outsize=13825 ok=1
Cmd: translateComputeKernel
  api=14 insize=10497 outsize=19889 ok=1
Cmd: translateComputeKernel
  api=14 insize=7485 outsize=13545 ok=1
Cmd: translateComputeKernel
  api=14 insize=9573 outsize=17821 ok=1
Cmd: translateComputeKernel
  api=14 insize=11269 outsize=21305 ok=1
Cmd: translateComputeKernel
  api=14 insize=11969 outsize=23257 ok=1
Cmd: initializeCompiler
Cmd: initializeCompiler
Cmd: initializeCompiler
Cmd: initializeCompiler
Cmd: initializeCompiler
Cmd: initializeCompiler
Cmd: initializeCompiler
Cmd: initializeCompiler
Cmd: initializeCompiler
Cmd: initializeCompiler
Cmd: initializeCompiler
Cmd: initializeCompiler
Cmd: initializeCompiler
Cmd: initializeCompiler
Cmd: initializeCompiler
