Base path: /Applications/Unity/Hub/Editor/2018.3.1f1/Unity.app/Contents
Cmd: initializeCompiler
Cmd: compileComputeKernel
  api=14 insize=2134 outsize=789 ok=1
Cmd: translateComputeKernel
  api=14 insize=841 outsize=785 ok=1
Cmd: compileComputeKernel
  api=14 insize=2863 outsize=48933 ok=1
Cmd: compileComputeKernel
  api=14 insize=11176 outsize=11453 ok=1
Cmd: compileComputeKernel
  api=14 insize=5022 outsize=7289 ok=1
Cmd: compileComputeKernel
  api=14 insize=18731 outsize=9533 ok=1
Cmd: compileComputeKernel
  api=14 insize=18731 outsize=11489 ok=1
Cmd: translateComputeKernel
  api=14 insize=9533 outsize=16349 ok=1
Cmd: translateComputeKernel
  api=14 insize=2021 outsize=3169 ok=1
Cmd: compileComputeKernel
  api=14 insize=1505 outsize=2077 ok=1
Cmd: compileComputeKernel
  api=14 insize=2120 outsize=1505 ok=1
Cmd: initializeCompiler
Cmd: initializeCompiler
Cmd: initializeCompiler
Cmd: initializeCompiler
Cmd: initializeCompiler
Cmd: initializeCompiler
Cmd: initializeCompiler
Cmd: initializeCompiler
Cmd: initializeCompiler
Cmd: initializeCompiler

Quitting shader compiler process
